{"name": "# Vulnerability", "status": "broken", "statusDetails": {"message": "selenium.common.exceptions.TimeoutException: Message: \n\n", "trace": "  File \"c:\\users\\rapid\\appdata\\local\\programs\\python\\python39\\lib\\site-packages\\behave\\model.py\", line 1329, in run\n    match.run(runner.context)\n  File \"c:\\users\\rapid\\appdata\\local\\programs\\python\\python39\\lib\\site-packages\\behave\\matchers.py\", line 98, in run\n    self.func(context, *args, **kwargs)\n  File \"features\\steps\\002_vulnerability_test.py\", line 24, in clck_srch_btn\n    context.app.main_page.clck_srch_btn()\n  File \"C:\\Everything\\IT\\Testing\\Automation_08_09_2019\\heyquelle\\pages\\main_page.py\", line 76, in clck_srch_btn\n    wait.until(EC.element_to_be_clickable(SRCH_BTN)).click()\n  File \"c:\\users\\rapid\\appdata\\local\\programs\\python\\python39\\lib\\site-packages\\selenium\\webdriver\\support\\wait.py\", line 87, in until\n    raise TimeoutException(message, screen, stacktrace)\n"}, "steps": [{"name": "Given Login https://spyse.com/", "status": "passed", "start": 1625170185973, "stop": 1625170187612}, {"name": "Then Input https://www.heyquelle.com/ to search field", "status": "passed", "start": 1625170187612, "stop": 1625170187723}, {"name": "Then Click on Search button", "status": "broken", "statusDetails": {"message": "selenium.common.exceptions.TimeoutException: Message: \n\n", "trace": "  File \"c:\\users\\rapid\\appdata\\local\\programs\\python\\python39\\lib\\site-packages\\behave\\model.py\", line 1329, in run\n    match.run(runner.context)\n  File \"c:\\users\\rapid\\appdata\\local\\programs\\python\\python39\\lib\\site-packages\\behave\\matchers.py\", line 98, in run\n    self.func(context, *args, **kwargs)\n  File \"features\\steps\\002_vulnerability_test.py\", line 24, in clck_srch_btn\n    context.app.main_page.clck_srch_btn()\n  File \"C:\\Everything\\IT\\Testing\\Automation_08_09_2019\\heyquelle\\pages\\main_page.py\", line 76, in clck_srch_btn\n    wait.until(EC.element_to_be_clickable(SRCH_BTN)).click()\n  File \"c:\\users\\rapid\\appdata\\local\\programs\\python\\python39\\lib\\site-packages\\selenium\\webdriver\\support\\wait.py\", line 87, in until\n    raise TimeoutException(message, screen, stacktrace)\n"}, "start": 1625170187723, "stop": 1625170198063}, {"name": "Then Find security score, critical risk, medium risk, elevated risk, issuer DN", "status": "skipped", "start": 1625170200371, "stop": 1625170200371}, {"name": "And Make a screenshot of the whole page", "status": "skipped", "start": 1625170200371, "stop": 1625170200371}], "start": 1625170181171, "stop": 1625170200371, "uuid": "181d33df-8550-4765-866b-475eac43de54", "historyId": "f9102489a1ac85f0a27d71939df5af5d", "fullName": "# Vulnerability test: # Vulnerability", "labels": [{"name": "severity", "value": "normal"}, {"name": "feature", "value": "# Vulnerability test"}, {"name": "framework", "value": "behave"}, {"name": "language", "value": "cpython3"}]}